/Users/anantkan/nextjs-claude-chat-app/run_claude_chat.sh: line 38: kill: (77899) - No such process
/Users/anantkan/nextjs-claude-chat-app/run_claude_chat.sh: line 21: ada: command not found
/Users/anantkan/nextjs-claude-chat-app/run_claude_chat.sh: line 25: aws: command not found
/Users/anantkan/nextjs-claude-chat-app/run_claude_chat.sh: line 26: aws: command not found
/Users/anantkan/nextjs-claude-chat-app/run_claude_chat.sh: line 21: ada: command not found
/Users/anantkan/nextjs-claude-chat-app/run_claude_chat.sh: line 25: aws: command not found
/Users/anantkan/nextjs-claude-chat-app/run_claude_chat.sh: line 26: aws: command not found
/Users/anantkan/nextjs-claude-chat-app/run_claude_chat.sh: line 38: kill: (95818) - No such process
/Users/anantkan/nextjs-claude-chat-app/run_claude_chat.sh: line 21: ada: command not found
/Users/anantkan/nextjs-claude-chat-app/run_claude_chat.sh: line 25: aws: command not found
/Users/anantkan/nextjs-claude-chat-app/run_claude_chat.sh: line 26: aws: command not found
/Users/anantkan/nextjs-claude-chat-app/run_claude_chat.sh: line 38: kill: (10564) - No such process
/Users/anantkan/nextjs-claude-chat-app/run_claude_chat.sh: line 21: ada: command not found
/Users/anantkan/nextjs-claude-chat-app/run_claude_chat.sh: line 25: aws: command not found
/Users/anantkan/nextjs-claude-chat-app/run_claude_chat.sh: line 26: aws: command not found
/Users/anantkan/nextjs-claude-chat-app/run_claude_chat.sh: line 38: kill: (21531) - No such process
/Users/anantkan/nextjs-claude-chat-app/run_claude_chat.sh: line 21: ada: command not found
/Users/anantkan/nextjs-claude-chat-app/run_claude_chat.sh: line 25: aws: command not found
/Users/anantkan/nextjs-claude-chat-app/run_claude_chat.sh: line 26: aws: command not found
/Users/anantkan/nextjs-claude-chat-app/run_claude_chat.sh: line 38: kill: (32463) - No such process
/Users/anantkan/nextjs-claude-chat-app/run_claude_chat.sh: line 21: ada: command not found
/Users/anantkan/nextjs-claude-chat-app/run_claude_chat.sh: line 25: aws: command not found
/Users/anantkan/nextjs-claude-chat-app/run_claude_chat.sh: line 26: aws: command not found
/Users/anantkan/nextjs-claude-chat-app/run_claude_chat.sh: line 38: kill: (50823) - No such process
/Users/anantkan/nextjs-claude-chat-app/run_claude_chat.sh: line 21: ada: command not found
/Users/anantkan/nextjs-claude-chat-app/run_claude_chat.sh: line 25: aws: command not found
/Users/anantkan/nextjs-claude-chat-app/run_claude_chat.sh: line 26: aws: command not found
/Users/anantkan/nextjs-claude-chat-app/run_claude_chat.sh: line 38: kill: (67312) - No such process
/Users/anantkan/nextjs-claude-chat-app/run_claude_chat.sh: line 21: ada: command not found
/Users/anantkan/nextjs-claude-chat-app/run_claude_chat.sh: line 25: aws: command not found
/Users/anantkan/nextjs-claude-chat-app/run_claude_chat.sh: line 26: aws: command not found
/Users/anantkan/nextjs-claude-chat-app/run_claude_chat.sh: line 38: kill: (78250) - No such process
/Users/anantkan/nextjs-claude-chat-app/run_claude_chat.sh: line 21: ada: command not found
/Users/anantkan/nextjs-claude-chat-app/run_claude_chat.sh: line 25: aws: command not found
/Users/anantkan/nextjs-claude-chat-app/run_claude_chat.sh: line 26: aws: command not found
/Users/anantkan/nextjs-claude-chat-app/run_claude_chat.sh: line 38: kill: (90620) - No such process
/Users/anantkan/nextjs-claude-chat-app/run_claude_chat.sh: line 21: ada: command not found
/Users/anantkan/nextjs-claude-chat-app/run_claude_chat.sh: line 25: aws: command not found
/Users/anantkan/nextjs-claude-chat-app/run_claude_chat.sh: line 26: aws: command not found
/Users/anantkan/nextjs-claude-chat-app/run_claude_chat.sh: line 38: kill: (2208) - No such process
/Users/anantkan/nextjs-claude-chat-app/run_claude_chat.sh: line 21: ada: command not found
/Users/anantkan/nextjs-claude-chat-app/run_claude_chat.sh: line 25: aws: command not found
/Users/anantkan/nextjs-claude-chat-app/run_claude_chat.sh: line 26: aws: command not found
/Users/anantkan/nextjs-claude-chat-app/run_claude_chat.sh: line 38: kill: (13418) - No such process
/Users/anantkan/nextjs-claude-chat-app/run_claude_chat.sh: line 21: ada: command not found
/Users/anantkan/nextjs-claude-chat-app/run_claude_chat.sh: line 25: aws: command not found
/Users/anantkan/nextjs-claude-chat-app/run_claude_chat.sh: line 26: aws: command not found
/Users/anantkan/nextjs-claude-chat-app/run_claude_chat.sh: line 38: kill: (25605) - No such process
/Users/anantkan/nextjs-claude-chat-app/run_claude_chat.sh: line 21: ada: command not found
/Users/anantkan/nextjs-claude-chat-app/run_claude_chat.sh: line 25: aws: command not found
/Users/anantkan/nextjs-claude-chat-app/run_claude_chat.sh: line 26: aws: command not found
/Users/anantkan/nextjs-claude-chat-app/run_claude_chat.sh: line 38: kill: (37053) - No such process
/Users/anantkan/nextjs-claude-chat-app/run_claude_chat.sh: line 21: ada: command not found
/Users/anantkan/nextjs-claude-chat-app/run_claude_chat.sh: line 25: aws: command not found
/Users/anantkan/nextjs-claude-chat-app/run_claude_chat.sh: line 26: aws: command not found
/Users/anantkan/nextjs-claude-chat-app/run_claude_chat.sh: line 38: kill: (48220) - No such process
/Users/anantkan/nextjs-claude-chat-app/run_claude_chat.sh: line 21: ada: command not found
/Users/anantkan/nextjs-claude-chat-app/run_claude_chat.sh: line 25: aws: command not found
/Users/anantkan/nextjs-claude-chat-app/run_claude_chat.sh: line 26: aws: command not found
/Users/anantkan/nextjs-claude-chat-app/run_claude_chat.sh: line 38: kill: (60672) - No such process
/Users/anantkan/nextjs-claude-chat-app/run_claude_chat.sh: line 21: ada: command not found
/Users/anantkan/nextjs-claude-chat-app/run_claude_chat.sh: line 25: aws: command not found
/Users/anantkan/nextjs-claude-chat-app/run_claude_chat.sh: line 26: aws: command not found
/Users/anantkan/nextjs-claude-chat-app/run_claude_chat.sh: line 38: kill: (71650) - No such process
/Users/anantkan/nextjs-claude-chat-app/run_claude_chat.sh: line 21: ada: command not found
/Users/anantkan/nextjs-claude-chat-app/run_claude_chat.sh: line 25: aws: command not found
/Users/anantkan/nextjs-claude-chat-app/run_claude_chat.sh: line 26: aws: command not found
/Users/anantkan/nextjs-claude-chat-app/run_claude_chat.sh: line 38: kill: (83064) - No such process
/Users/anantkan/nextjs-claude-chat-app/run_claude_chat.sh: line 21: ada: command not found
/Users/anantkan/nextjs-claude-chat-app/run_claude_chat.sh: line 25: aws: command not found
/Users/anantkan/nextjs-claude-chat-app/run_claude_chat.sh: line 26: aws: command not found
/Users/anantkan/nextjs-claude-chat-app/run_claude_chat.sh: line 38: kill: (98740) - No such process
/Users/anantkan/nextjs-claude-chat-app/run_claude_chat.sh: line 21: ada: command not found
/Users/anantkan/nextjs-claude-chat-app/run_claude_chat.sh: line 25: aws: command not found
/Users/anantkan/nextjs-claude-chat-app/run_claude_chat.sh: line 26: aws: command not found
/Users/anantkan/nextjs-claude-chat-app/run_claude_chat.sh: line 38: kill: (10544) - No such process
/Users/anantkan/nextjs-claude-chat-app/run_claude_chat.sh: line 21: ada: command not found
/Users/anantkan/nextjs-claude-chat-app/run_claude_chat.sh: line 25: aws: command not found
/Users/anantkan/nextjs-claude-chat-app/run_claude_chat.sh: line 26: aws: command not found
/Users/anantkan/nextjs-claude-chat-app/run_claude_chat.sh: line 38: kill: (21615) - No such process
/Users/anantkan/nextjs-claude-chat-app/run_claude_chat.sh: line 21: ada: command not found
/Users/anantkan/nextjs-claude-chat-app/run_claude_chat.sh: line 25: aws: command not found
/Users/anantkan/nextjs-claude-chat-app/run_claude_chat.sh: line 26: aws: command not found
/Users/anantkan/nextjs-claude-chat-app/run_claude_chat.sh: line 21: ada: command not found
/Users/anantkan/nextjs-claude-chat-app/run_claude_chat.sh: line 25: aws: command not found
/Users/anantkan/nextjs-claude-chat-app/run_claude_chat.sh: line 26: aws: command not found
/Users/anantkan/nextjs-claude-chat-app/run_claude_chat.sh: line 38: kill: (5568) - No such process
/Users/anantkan/nextjs-claude-chat-app/run_claude_chat.sh: line 21: ada: command not found
/Users/anantkan/nextjs-claude-chat-app/run_claude_chat.sh: line 25: aws: command not found
/Users/anantkan/nextjs-claude-chat-app/run_claude_chat.sh: line 26: aws: command not found
/Users/anantkan/nextjs-claude-chat-app/run_claude_chat.sh: line 38: kill: (17000) - No such process
/Users/anantkan/nextjs-claude-chat-app/run_claude_chat.sh: line 21: ada: command not found
/Users/anantkan/nextjs-claude-chat-app/run_claude_chat.sh: line 25: aws: command not found
/Users/anantkan/nextjs-claude-chat-app/run_claude_chat.sh: line 26: aws: command not found
/Users/anantkan/nextjs-claude-chat-app/run_claude_chat.sh: line 21: ada: command not found
/Users/anantkan/nextjs-claude-chat-app/run_claude_chat.sh: line 25: aws: command not found
/Users/anantkan/nextjs-claude-chat-app/run_claude_chat.sh: line 26: aws: command not found
/Users/anantkan/nextjs-claude-chat-app/run_claude_chat.sh: line 38: kill: (37207) - No such process
/Users/anantkan/nextjs-claude-chat-app/run_claude_chat.sh: line 21: ada: command not found
/Users/anantkan/nextjs-claude-chat-app/run_claude_chat.sh: line 25: aws: command not found
/Users/anantkan/nextjs-claude-chat-app/run_claude_chat.sh: line 26: aws: command not found
/Users/anantkan/nextjs-claude-chat-app/run_claude_chat.sh: line 38: kill: (49243) - No such process
/Users/anantkan/nextjs-claude-chat-app/run_claude_chat.sh: line 21: ada: command not found
/Users/anantkan/nextjs-claude-chat-app/run_claude_chat.sh: line 25: aws: command not found
/Users/anantkan/nextjs-claude-chat-app/run_claude_chat.sh: line 26: aws: command not found
/Users/anantkan/nextjs-claude-chat-app/run_claude_chat.sh: line 21: ada: command not found
/Users/anantkan/nextjs-claude-chat-app/run_claude_chat.sh: line 25: aws: command not found
/Users/anantkan/nextjs-claude-chat-app/run_claude_chat.sh: line 26: aws: command not found
/Users/anantkan/nextjs-claude-chat-app/run_claude_chat.sh: line 38: kill: (95826) - No such process
/Users/anantkan/nextjs-claude-chat-app/run_claude_chat.sh: line 21: ada: command not found
/Users/anantkan/nextjs-claude-chat-app/run_claude_chat.sh: line 25: aws: command not found
/Users/anantkan/nextjs-claude-chat-app/run_claude_chat.sh: line 26: aws: command not found
/Users/anantkan/nextjs-claude-chat-app/run_claude_chat.sh: line 38: kill: (31093) - No such process
/Users/anantkan/nextjs-claude-chat-app/run_claude_chat.sh: line 21: ada: command not found
/Users/anantkan/nextjs-claude-chat-app/run_claude_chat.sh: line 25: aws: command not found
/Users/anantkan/nextjs-claude-chat-app/run_claude_chat.sh: line 26: aws: command not found
/Users/anantkan/nextjs-claude-chat-app/run_claude_chat.sh: line 38: kill: (66479) - No such process
/Users/anantkan/nextjs-claude-chat-app/run_claude_chat.sh: line 21: ada: command not found
/Users/anantkan/nextjs-claude-chat-app/run_claude_chat.sh: line 25: aws: command not found
/Users/anantkan/nextjs-claude-chat-app/run_claude_chat.sh: line 26: aws: command not found
/Users/anantkan/nextjs-claude-chat-app/run_claude_chat.sh: line 38: kill: (97272) - No such process
/Users/anantkan/nextjs-claude-chat-app/run_claude_chat.sh: line 21: ada: command not found
/Users/anantkan/nextjs-claude-chat-app/run_claude_chat.sh: line 25: aws: command not found
/Users/anantkan/nextjs-claude-chat-app/run_claude_chat.sh: line 26: aws: command not found
/Users/anantkan/nextjs-claude-chat-app/run_claude_chat.sh: line 38: kill: (23703) - No such process
/Users/anantkan/nextjs-claude-chat-app/run_claude_chat.sh: line 21: ada: command not found
/Users/anantkan/nextjs-claude-chat-app/run_claude_chat.sh: line 25: aws: command not found
/Users/anantkan/nextjs-claude-chat-app/run_claude_chat.sh: line 26: aws: command not found
/Users/anantkan/nextjs-claude-chat-app/run_claude_chat.sh: line 38: kill: (49676) - No such process
/Users/anantkan/nextjs-claude-chat-app/run_claude_chat.sh: line 21: ada: command not found
/Users/anantkan/nextjs-claude-chat-app/run_claude_chat.sh: line 25: aws: command not found
/Users/anantkan/nextjs-claude-chat-app/run_claude_chat.sh: line 26: aws: command not found
/Users/anantkan/nextjs-claude-chat-app/run_claude_chat.sh: line 38: kill: (76551) - No such process
/Users/anantkan/nextjs-claude-chat-app/run_claude_chat.sh: line 21: ada: command not found
/Users/anantkan/nextjs-claude-chat-app/run_claude_chat.sh: line 25: aws: command not found
/Users/anantkan/nextjs-claude-chat-app/run_claude_chat.sh: line 26: aws: command not found
/Users/anantkan/nextjs-claude-chat-app/run_claude_chat.sh: line 21: ada: command not found
/Users/anantkan/nextjs-claude-chat-app/run_claude_chat.sh: line 25: aws: command not found
/Users/anantkan/nextjs-claude-chat-app/run_claude_chat.sh: line 26: aws: command not found
/Users/anantkan/nextjs-claude-chat-app/run_claude_chat.sh: line 21: ada: command not found
/Users/anantkan/nextjs-claude-chat-app/run_claude_chat.sh: line 25: aws: command not found
/Users/anantkan/nextjs-claude-chat-app/run_claude_chat.sh: line 26: aws: command not found
/Users/anantkan/nextjs-claude-chat-app/run_claude_chat.sh: line 21: ada: command not found
/Users/anantkan/nextjs-claude-chat-app/run_claude_chat.sh: line 25: aws: command not found
/Users/anantkan/nextjs-claude-chat-app/run_claude_chat.sh: line 26: aws: command not found
/Users/anantkan/nextjs-claude-chat-app/run_claude_chat.sh: line 21: ada: command not found
/Users/anantkan/nextjs-claude-chat-app/run_claude_chat.sh: line 25: aws: command not found
/Users/anantkan/nextjs-claude-chat-app/run_claude_chat.sh: line 26: aws: command not found
/Users/anantkan/nextjs-claude-chat-app/run_claude_chat.sh: line 38: kill: (37654) - No such process
/Users/anantkan/nextjs-claude-chat-app/run_claude_chat.sh: line 21: ada: command not found
/Users/anantkan/nextjs-claude-chat-app/run_claude_chat.sh: line 25: aws: command not found
/Users/anantkan/nextjs-claude-chat-app/run_claude_chat.sh: line 26: aws: command not found
/Users/anantkan/nextjs-claude-chat-app/run_claude_chat.sh: line 38: kill: (72733) - No such process
/Users/anantkan/nextjs-claude-chat-app/run_claude_chat.sh: line 21: ada: command not found
/Users/anantkan/nextjs-claude-chat-app/run_claude_chat.sh: line 25: aws: command not found
/Users/anantkan/nextjs-claude-chat-app/run_claude_chat.sh: line 26: aws: command not found
/Users/anantkan/nextjs-claude-chat-app/run_claude_chat.sh: line 21: ada: command not found
/Users/anantkan/nextjs-claude-chat-app/run_claude_chat.sh: line 25: aws: command not found
/Users/anantkan/nextjs-claude-chat-app/run_claude_chat.sh: line 26: aws: command not found
/Users/anantkan/nextjs-claude-chat-app/run_claude_chat.sh: line 38: kill: (45398) - No such process
/Users/anantkan/nextjs-claude-chat-app/run_claude_chat.sh: line 21: ada: command not found
/Users/anantkan/nextjs-claude-chat-app/run_claude_chat.sh: line 25: aws: command not found
/Users/anantkan/nextjs-claude-chat-app/run_claude_chat.sh: line 26: aws: command not found
/Users/anantkan/nextjs-claude-chat-app/run_claude_chat.sh: line 21: ada: command not found
/Users/anantkan/nextjs-claude-chat-app/run_claude_chat.sh: line 25: aws: command not found
/Users/anantkan/nextjs-claude-chat-app/run_claude_chat.sh: line 26: aws: command not found
/Users/anantkan/nextjs-claude-chat-app/run_claude_chat.sh: line 38: kill: (162) - No such process
/Users/anantkan/nextjs-claude-chat-app/run_claude_chat.sh: line 21: ada: command not found
/Users/anantkan/nextjs-claude-chat-app/run_claude_chat.sh: line 25: aws: command not found
/Users/anantkan/nextjs-claude-chat-app/run_claude_chat.sh: line 26: aws: command not found
/Users/anantkan/nextjs-claude-chat-app/run_claude_chat.sh: line 38: kill: (28721) - No such process
/Users/anantkan/nextjs-claude-chat-app/run_claude_chat.sh: line 21: ada: command not found
/Users/anantkan/nextjs-claude-chat-app/run_claude_chat.sh: line 25: aws: command not found
/Users/anantkan/nextjs-claude-chat-app/run_claude_chat.sh: line 26: aws: command not found
/Users/anantkan/nextjs-claude-chat-app/run_claude_chat.sh: line 38: kill: (55921) - No such process
/Users/anantkan/nextjs-claude-chat-app/run_claude_chat.sh: line 21: ada: command not found
/Users/anantkan/nextjs-claude-chat-app/run_claude_chat.sh: line 25: aws: command not found
/Users/anantkan/nextjs-claude-chat-app/run_claude_chat.sh: line 26: aws: command not found
/Users/anantkan/nextjs-claude-chat-app/run_claude_chat.sh: line 38: kill: (86698) - No such process
/Users/anantkan/nextjs-claude-chat-app/run_claude_chat.sh: line 21: ada: command not found
/Users/anantkan/nextjs-claude-chat-app/run_claude_chat.sh: line 25: aws: command not found
/Users/anantkan/nextjs-claude-chat-app/run_claude_chat.sh: line 26: aws: command not found
/Users/anantkan/nextjs-claude-chat-app/run_claude_chat.sh: line 38: kill: (15166) - No such process
/Users/anantkan/nextjs-claude-chat-app/run_claude_chat.sh: line 21: ada: command not found
/Users/anantkan/nextjs-claude-chat-app/run_claude_chat.sh: line 25: aws: command not found
/Users/anantkan/nextjs-claude-chat-app/run_claude_chat.sh: line 26: aws: command not found
/Users/anantkan/nextjs-claude-chat-app/run_claude_chat.sh: line 38: kill: (49341) - No such process
/Users/anantkan/nextjs-claude-chat-app/run_claude_chat.sh: line 21: ada: command not found
/Users/anantkan/nextjs-claude-chat-app/run_claude_chat.sh: line 25: aws: command not found
/Users/anantkan/nextjs-claude-chat-app/run_claude_chat.sh: line 26: aws: command not found
/Users/anantkan/nextjs-claude-chat-app/run_claude_chat.sh: line 38: kill: (80517) - No such process
/Users/anantkan/nextjs-claude-chat-app/run_claude_chat.sh: line 21: ada: command not found
/Users/anantkan/nextjs-claude-chat-app/run_claude_chat.sh: line 25: aws: command not found
/Users/anantkan/nextjs-claude-chat-app/run_claude_chat.sh: line 26: aws: command not found
/Users/anantkan/nextjs-claude-chat-app/run_claude_chat.sh: line 38: kill: (9566) - No such process
/Users/anantkan/nextjs-claude-chat-app/run_claude_chat.sh: line 21: ada: command not found
/Users/anantkan/nextjs-claude-chat-app/run_claude_chat.sh: line 25: aws: command not found
/Users/anantkan/nextjs-claude-chat-app/run_claude_chat.sh: line 26: aws: command not found
/Users/anantkan/nextjs-claude-chat-app/run_claude_chat.sh: line 38: kill: (37013) - No such process
/Users/anantkan/nextjs-claude-chat-app/run_claude_chat.sh: line 21: ada: command not found
/Users/anantkan/nextjs-claude-chat-app/run_claude_chat.sh: line 25: aws: command not found
/Users/anantkan/nextjs-claude-chat-app/run_claude_chat.sh: line 26: aws: command not found
/Users/anantkan/nextjs-claude-chat-app/run_claude_chat.sh: line 38: kill: (64841) - No such process
/Users/anantkan/nextjs-claude-chat-app/run_claude_chat.sh: line 21: ada: command not found
/Users/anantkan/nextjs-claude-chat-app/run_claude_chat.sh: line 25: aws: command not found
/Users/anantkan/nextjs-claude-chat-app/run_claude_chat.sh: line 26: aws: command not found
/Users/anantkan/nextjs-claude-chat-app/run_claude_chat.sh: line 38: kill: (92872) - No such process
/Users/anantkan/nextjs-claude-chat-app/run_claude_chat.sh: line 21: ada: command not found
/Users/anantkan/nextjs-claude-chat-app/run_claude_chat.sh: line 25: aws: command not found
/Users/anantkan/nextjs-claude-chat-app/run_claude_chat.sh: line 26: aws: command not found
/Users/anantkan/nextjs-claude-chat-app/run_claude_chat.sh: line 38: kill: (20057) - No such process
/Users/anantkan/nextjs-claude-chat-app/run_claude_chat.sh: line 21: ada: command not found
/Users/anantkan/nextjs-claude-chat-app/run_claude_chat.sh: line 25: aws: command not found
/Users/anantkan/nextjs-claude-chat-app/run_claude_chat.sh: line 26: aws: command not found
/Users/anantkan/nextjs-claude-chat-app/run_claude_chat.sh: line 38: kill: (48426) - No such process
/Users/anantkan/nextjs-claude-chat-app/run_claude_chat.sh: line 21: ada: command not found
/Users/anantkan/nextjs-claude-chat-app/run_claude_chat.sh: line 25: aws: command not found
/Users/anantkan/nextjs-claude-chat-app/run_claude_chat.sh: line 26: aws: command not found
/Users/anantkan/nextjs-claude-chat-app/run_claude_chat.sh: line 38: kill: (76290) - No such process
/Users/anantkan/nextjs-claude-chat-app/run_claude_chat.sh: line 21: ada: command not found
/Users/anantkan/nextjs-claude-chat-app/run_claude_chat.sh: line 25: aws: command not found
/Users/anantkan/nextjs-claude-chat-app/run_claude_chat.sh: line 26: aws: command not found
/Users/anantkan/nextjs-claude-chat-app/run_claude_chat.sh: line 38: kill: (4954) - No such process
/Users/anantkan/nextjs-claude-chat-app/run_claude_chat.sh: line 21: ada: command not found
/Users/anantkan/nextjs-claude-chat-app/run_claude_chat.sh: line 25: aws: command not found
/Users/anantkan/nextjs-claude-chat-app/run_claude_chat.sh: line 26: aws: command not found
/Users/anantkan/nextjs-claude-chat-app/run_claude_chat.sh: line 38: kill: (32948) - No such process
/Users/anantkan/nextjs-claude-chat-app/run_claude_chat.sh: line 21: ada: command not found
/Users/anantkan/nextjs-claude-chat-app/run_claude_chat.sh: line 25: aws: command not found
/Users/anantkan/nextjs-claude-chat-app/run_claude_chat.sh: line 26: aws: command not found
/Users/anantkan/nextjs-claude-chat-app/run_claude_chat.sh: line 38: kill: (59853) - No such process
/Users/anantkan/nextjs-claude-chat-app/run_claude_chat.sh: line 21: ada: command not found
/Users/anantkan/nextjs-claude-chat-app/run_claude_chat.sh: line 25: aws: command not found
/Users/anantkan/nextjs-claude-chat-app/run_claude_chat.sh: line 26: aws: command not found
/Users/anantkan/nextjs-claude-chat-app/run_claude_chat.sh: line 38: kill: (87826) - No such process
/Users/anantkan/nextjs-claude-chat-app/run_claude_chat.sh: line 21: ada: command not found
/Users/anantkan/nextjs-claude-chat-app/run_claude_chat.sh: line 25: aws: command not found
/Users/anantkan/nextjs-claude-chat-app/run_claude_chat.sh: line 26: aws: command not found
/Users/anantkan/nextjs-claude-chat-app/run_claude_chat.sh: line 38: kill: (16743) - No such process
/Users/anantkan/nextjs-claude-chat-app/run_claude_chat.sh: line 21: ada: command not found
/Users/anantkan/nextjs-claude-chat-app/run_claude_chat.sh: line 25: aws: command not found
/Users/anantkan/nextjs-claude-chat-app/run_claude_chat.sh: line 26: aws: command not found
/Users/anantkan/nextjs-claude-chat-app/run_claude_chat.sh: line 38: kill: (46362) - No such process
/Users/anantkan/nextjs-claude-chat-app/run_claude_chat.sh: line 21: ada: command not found
/Users/anantkan/nextjs-claude-chat-app/run_claude_chat.sh: line 25: aws: command not found
/Users/anantkan/nextjs-claude-chat-app/run_claude_chat.sh: line 26: aws: command not found
/Users/anantkan/nextjs-claude-chat-app/run_claude_chat.sh: line 38: kill: (70565) - No such process
/Users/anantkan/nextjs-claude-chat-app/run_claude_chat.sh: line 21: ada: command not found
/Users/anantkan/nextjs-claude-chat-app/run_claude_chat.sh: line 25: aws: command not found
/Users/anantkan/nextjs-claude-chat-app/run_claude_chat.sh: line 26: aws: command not found
/Users/anantkan/nextjs-claude-chat-app/run_claude_chat.sh: line 38: kill: (93009) - No such process
/Users/anantkan/nextjs-claude-chat-app/run_claude_chat.sh: line 21: ada: command not found
/Users/anantkan/nextjs-claude-chat-app/run_claude_chat.sh: line 25: aws: command not found
/Users/anantkan/nextjs-claude-chat-app/run_claude_chat.sh: line 26: aws: command not found
/Users/anantkan/nextjs-claude-chat-app/run_claude_chat.sh: line 21: ada: command not found
/Users/anantkan/nextjs-claude-chat-app/run_claude_chat.sh: line 25: aws: command not found
/Users/anantkan/nextjs-claude-chat-app/run_claude_chat.sh: line 26: aws: command not found
/Users/anantkan/nextjs-claude-chat-app/run_claude_chat.sh: line 38: kill: (16401) - No such process
/Users/anantkan/nextjs-claude-chat-app/run_claude_chat.sh: line 21: ada: command not found
/Users/anantkan/nextjs-claude-chat-app/run_claude_chat.sh: line 25: aws: command not found
/Users/anantkan/nextjs-claude-chat-app/run_claude_chat.sh: line 26: aws: command not found
/Users/anantkan/nextjs-claude-chat-app/run_claude_chat.sh: line 38: kill: (37875) - No such process
/Users/anantkan/nextjs-claude-chat-app/run_claude_chat.sh: line 21: ada: command not found
/Users/anantkan/nextjs-claude-chat-app/run_claude_chat.sh: line 25: aws: command not found
/Users/anantkan/nextjs-claude-chat-app/run_claude_chat.sh: line 26: aws: command not found
kill: usage: kill [-s sigspec | -n signum | -sigspec] pid | jobspec ... or kill -l [sigspec]
/Users/anantkan/nextjs-claude-chat-app/run_claude_chat.sh: line 20: ada: command not found
/Users/anantkan/nextjs-claude-chat-app/run_claude_chat.sh: line 24: aws: command not found
/Users/anantkan/nextjs-claude-chat-app/run_claude_chat.sh: line 25: aws: command not found
/Users/anantkan/nextjs-claude-chat-app/node_modules/next/dist/bin/next:57
performance.mark("next-start");
^

ReferenceError: performance is not defined
    at Object.<anonymous> (/Users/anantkan/nextjs-claude-chat-app/node_modules/next/dist/bin/next:57:1)
    at Module._compile (internal/modules/cjs/loader.js:1114:14)
    at Object.Module._extensions..js (internal/modules/cjs/loader.js:1143:10)
    at Module.load (internal/modules/cjs/loader.js:979:32)
    at Function.Module._load (internal/modules/cjs/loader.js:819:12)
    at Function.executeUserEntryPoint [as runMain] (internal/modules/run_main.js:75:12)
    at internal/main/run_main_module.js:17:47
npm ERR! code ELIFECYCLE
npm ERR! errno 1
npm ERR! nextjs-claude-chat-app@0.1.0 dev: `next dev`
npm ERR! Exit status 1
npm ERR! 
npm ERR! Failed at the nextjs-claude-chat-app@0.1.0 dev script.
npm ERR! This is probably not a problem with npm. There is likely additional logging output above.

npm ERR! A complete log of this run can be found in:
npm ERR!     /Users/anantkan/.npm/_logs/2024-10-07T22_09_13_641Z-debug.log
/Users/anantkan/nextjs-claude-chat-app/run_claude_chat.sh: line 20: ada: command not found
/Users/anantkan/nextjs-claude-chat-app/run_claude_chat.sh: line 24: aws: command not found
/Users/anantkan/nextjs-claude-chat-app/run_claude_chat.sh: line 25: aws: command not found
/Users/anantkan/nextjs-claude-chat-app/node_modules/next/dist/bin/next:57
performance.mark("next-start");
^

ReferenceError: performance is not defined
    at Object.<anonymous> (/Users/anantkan/nextjs-claude-chat-app/node_modules/next/dist/bin/next:57:1)
    at Module._compile (internal/modules/cjs/loader.js:1114:14)
    at Object.Module._extensions..js (internal/modules/cjs/loader.js:1143:10)
    at Module.load (internal/modules/cjs/loader.js:979:32)
    at Function.Module._load (internal/modules/cjs/loader.js:819:12)
    at Function.executeUserEntryPoint [as runMain] (internal/modules/run_main.js:75:12)
    at internal/main/run_main_module.js:17:47
npm ERR! code ELIFECYCLE
npm ERR! errno 1
npm ERR! nextjs-claude-chat-app@0.1.0 dev: `next dev`
npm ERR! Exit status 1
npm ERR! 
npm ERR! Failed at the nextjs-claude-chat-app@0.1.0 dev script.
npm ERR! This is probably not a problem with npm. There is likely additional logging output above.

npm ERR! A complete log of this run can be found in:
npm ERR!     /Users/anantkan/.npm/_logs/2024-10-07T22_39_15_368Z-debug.log
/Users/anantkan/nextjs-claude-chat-app/run_claude_chat.sh: line 20: ada: command not found
/Users/anantkan/nextjs-claude-chat-app/run_claude_chat.sh: line 24: aws: command not found
/Users/anantkan/nextjs-claude-chat-app/run_claude_chat.sh: line 25: aws: command not found
/Users/anantkan/nextjs-claude-chat-app/node_modules/next/dist/bin/next:57
performance.mark("next-start");
^

ReferenceError: performance is not defined
    at Object.<anonymous> (/Users/anantkan/nextjs-claude-chat-app/node_modules/next/dist/bin/next:57:1)
    at Module._compile (internal/modules/cjs/loader.js:1114:14)
    at Object.Module._extensions..js (internal/modules/cjs/loader.js:1143:10)
    at Module.load (internal/modules/cjs/loader.js:979:32)
    at Function.Module._load (internal/modules/cjs/loader.js:819:12)
    at Function.executeUserEntryPoint [as runMain] (internal/modules/run_main.js:75:12)
    at internal/main/run_main_module.js:17:47
npm ERR! code ELIFECYCLE
npm ERR! errno 1
npm ERR! nextjs-claude-chat-app@0.1.0 dev: `next dev`
npm ERR! Exit status 1
npm ERR! 
npm ERR! Failed at the nextjs-claude-chat-app@0.1.0 dev script.
npm ERR! This is probably not a problem with npm. There is likely additional logging output above.

npm ERR! A complete log of this run can be found in:
npm ERR!     /Users/anantkan/.npm/_logs/2024-10-07T23_09_16_908Z-debug.log
/Users/anantkan/nextjs-claude-chat-app/run_claude_chat.sh: line 20: ada: command not found
/Users/anantkan/nextjs-claude-chat-app/run_claude_chat.sh: line 24: aws: command not found
/Users/anantkan/nextjs-claude-chat-app/run_claude_chat.sh: line 25: aws: command not found
/Users/anantkan/nextjs-claude-chat-app/node_modules/next/dist/bin/next:57
performance.mark("next-start");
^

ReferenceError: performance is not defined
    at Object.<anonymous> (/Users/anantkan/nextjs-claude-chat-app/node_modules/next/dist/bin/next:57:1)
    at Module._compile (internal/modules/cjs/loader.js:1114:14)
    at Object.Module._extensions..js (internal/modules/cjs/loader.js:1143:10)
    at Module.load (internal/modules/cjs/loader.js:979:32)
    at Function.Module._load (internal/modules/cjs/loader.js:819:12)
    at Function.executeUserEntryPoint [as runMain] (internal/modules/run_main.js:75:12)
    at internal/main/run_main_module.js:17:47
npm ERR! code ELIFECYCLE
npm ERR! errno 1
npm ERR! nextjs-claude-chat-app@0.1.0 dev: `next dev`
npm ERR! Exit status 1
npm ERR! 
npm ERR! Failed at the nextjs-claude-chat-app@0.1.0 dev script.
npm ERR! This is probably not a problem with npm. There is likely additional logging output above.

npm ERR! A complete log of this run can be found in:
npm ERR!     /Users/anantkan/.npm/_logs/2024-10-07T23_39_18_521Z-debug.log
/Users/anantkan/nextjs-claude-chat-app/run_claude_chat.sh: line 20: ada: command not found
/Users/anantkan/nextjs-claude-chat-app/run_claude_chat.sh: line 24: aws: command not found
/Users/anantkan/nextjs-claude-chat-app/run_claude_chat.sh: line 25: aws: command not found
/Users/anantkan/nextjs-claude-chat-app/node_modules/next/dist/bin/next:57
performance.mark("next-start");
^

ReferenceError: performance is not defined
    at Object.<anonymous> (/Users/anantkan/nextjs-claude-chat-app/node_modules/next/dist/bin/next:57:1)
    at Module._compile (internal/modules/cjs/loader.js:1114:14)
    at Object.Module._extensions..js (internal/modules/cjs/loader.js:1143:10)
    at Module.load (internal/modules/cjs/loader.js:979:32)
    at Function.Module._load (internal/modules/cjs/loader.js:819:12)
    at Function.executeUserEntryPoint [as runMain] (internal/modules/run_main.js:75:12)
    at internal/main/run_main_module.js:17:47
npm ERR! code ELIFECYCLE
npm ERR! errno 1
npm ERR! nextjs-claude-chat-app@0.1.0 dev: `next dev`
npm ERR! Exit status 1
npm ERR! 
npm ERR! Failed at the nextjs-claude-chat-app@0.1.0 dev script.
npm ERR! This is probably not a problem with npm. There is likely additional logging output above.

npm ERR! A complete log of this run can be found in:
npm ERR!     /Users/anantkan/.npm/_logs/2024-10-08T00_09_20_441Z-debug.log
kill: usage: kill [-s sigspec | -n signum | -sigspec] pid | jobspec ... or kill -l [sigspec]
/Users/anantkan/nextjs-claude-chat-app/run_claude_chat.sh: line 20: ada: command not found
/Users/anantkan/nextjs-claude-chat-app/run_claude_chat.sh: line 24: aws: command not found
/Users/anantkan/nextjs-claude-chat-app/run_claude_chat.sh: line 25: aws: command not found
/Users/anantkan/nextjs-claude-chat-app/node_modules/next/dist/bin/next:57
performance.mark("next-start");
^

ReferenceError: performance is not defined
    at Object.<anonymous> (/Users/anantkan/nextjs-claude-chat-app/node_modules/next/dist/bin/next:57:1)
    at Module._compile (internal/modules/cjs/loader.js:1114:14)
    at Object.Module._extensions..js (internal/modules/cjs/loader.js:1143:10)
    at Module.load (internal/modules/cjs/loader.js:979:32)
    at Function.Module._load (internal/modules/cjs/loader.js:819:12)
    at Function.executeUserEntryPoint [as runMain] (internal/modules/run_main.js:75:12)
    at internal/main/run_main_module.js:17:47
npm ERR! code ELIFECYCLE
npm ERR! errno 1
npm ERR! nextjs-claude-chat-app@0.1.0 dev: `next dev`
npm ERR! Exit status 1
npm ERR! 
npm ERR! Failed at the nextjs-claude-chat-app@0.1.0 dev script.
npm ERR! This is probably not a problem with npm. There is likely additional logging output above.

npm ERR! A complete log of this run can be found in:
npm ERR!     /Users/anantkan/.npm/_logs/2024-10-08T00_39_22_073Z-debug.log
/Users/anantkan/nextjs-claude-chat-app/run_claude_chat.sh: line 20: ada: command not found
/Users/anantkan/nextjs-claude-chat-app/run_claude_chat.sh: line 24: aws: command not found
/Users/anantkan/nextjs-claude-chat-app/run_claude_chat.sh: line 25: aws: command not found
/Users/anantkan/nextjs-claude-chat-app/node_modules/next/dist/bin/next:57
performance.mark("next-start");
^

ReferenceError: performance is not defined
    at Object.<anonymous> (/Users/anantkan/nextjs-claude-chat-app/node_modules/next/dist/bin/next:57:1)
    at Module._compile (internal/modules/cjs/loader.js:1114:14)
    at Object.Module._extensions..js (internal/modules/cjs/loader.js:1143:10)
    at Module.load (internal/modules/cjs/loader.js:979:32)
    at Function.Module._load (internal/modules/cjs/loader.js:819:12)
    at Function.executeUserEntryPoint [as runMain] (internal/modules/run_main.js:75:12)
    at internal/main/run_main_module.js:17:47
npm ERR! code ELIFECYCLE
npm ERR! errno 1
npm ERR! nextjs-claude-chat-app@0.1.0 dev: `next dev`
npm ERR! Exit status 1
npm ERR! 
npm ERR! Failed at the nextjs-claude-chat-app@0.1.0 dev script.
npm ERR! This is probably not a problem with npm. There is likely additional logging output above.

npm ERR! A complete log of this run can be found in:
npm ERR!     /Users/anantkan/.npm/_logs/2024-10-08T01_09_24_366Z-debug.log
kill: usage: kill [-s sigspec | -n signum | -sigspec] pid | jobspec ... or kill -l [sigspec]
/Users/anantkan/nextjs-claude-chat-app/run_claude_chat.sh: line 20: ada: command not found
/Users/anantkan/nextjs-claude-chat-app/run_claude_chat.sh: line 24: aws: command not found
/Users/anantkan/nextjs-claude-chat-app/run_claude_chat.sh: line 25: aws: command not found
/Users/anantkan/nextjs-claude-chat-app/node_modules/next/dist/bin/next:57
performance.mark("next-start");
^

ReferenceError: performance is not defined
    at Object.<anonymous> (/Users/anantkan/nextjs-claude-chat-app/node_modules/next/dist/bin/next:57:1)
    at Module._compile (internal/modules/cjs/loader.js:1114:14)
    at Object.Module._extensions..js (internal/modules/cjs/loader.js:1143:10)
    at Module.load (internal/modules/cjs/loader.js:979:32)
    at Function.Module._load (internal/modules/cjs/loader.js:819:12)
    at Function.executeUserEntryPoint [as runMain] (internal/modules/run_main.js:75:12)
    at internal/main/run_main_module.js:17:47
npm ERR! code ELIFECYCLE
npm ERR! errno 1
npm ERR! nextjs-claude-chat-app@0.1.0 dev: `next dev`
npm ERR! Exit status 1
npm ERR! 
npm ERR! Failed at the nextjs-claude-chat-app@0.1.0 dev script.
npm ERR! This is probably not a problem with npm. There is likely additional logging output above.

npm ERR! A complete log of this run can be found in:
npm ERR!     /Users/anantkan/.npm/_logs/2024-10-08T01_39_26_062Z-debug.log
/Users/anantkan/nextjs-claude-chat-app/run_claude_chat.sh: line 20: ada: command not found
/Users/anantkan/nextjs-claude-chat-app/run_claude_chat.sh: line 24: aws: command not found
/Users/anantkan/nextjs-claude-chat-app/run_claude_chat.sh: line 25: aws: command not found
/Users/anantkan/nextjs-claude-chat-app/node_modules/next/dist/bin/next:57
performance.mark("next-start");
^

ReferenceError: performance is not defined
    at Object.<anonymous> (/Users/anantkan/nextjs-claude-chat-app/node_modules/next/dist/bin/next:57:1)
    at Module._compile (internal/modules/cjs/loader.js:1114:14)
    at Object.Module._extensions..js (internal/modules/cjs/loader.js:1143:10)
    at Module.load (internal/modules/cjs/loader.js:979:32)
    at Function.Module._load (internal/modules/cjs/loader.js:819:12)
    at Function.executeUserEntryPoint [as runMain] (internal/modules/run_main.js:75:12)
    at internal/main/run_main_module.js:17:47
npm ERR! code ELIFECYCLE
npm ERR! errno 1
npm ERR! nextjs-claude-chat-app@0.1.0 dev: `next dev`
npm ERR! Exit status 1
npm ERR! 
npm ERR! Failed at the nextjs-claude-chat-app@0.1.0 dev script.
npm ERR! This is probably not a problem with npm. There is likely additional logging output above.

npm ERR! A complete log of this run can be found in:
npm ERR!     /Users/anantkan/.npm/_logs/2024-10-08T02_09_28_006Z-debug.log
kill: 76560: No such process
/Users/anantkan/nextjs-claude-chat-app/run_claude_chat.sh: line 20: ada: command not found
/Users/anantkan/nextjs-claude-chat-app/run_claude_chat.sh: line 24: aws: command not found
/Users/anantkan/nextjs-claude-chat-app/run_claude_chat.sh: line 25: aws: command not found
/Users/anantkan/nextjs-claude-chat-app/node_modules/next/dist/bin/next:57
performance.mark("next-start");
^

ReferenceError: performance is not defined
    at Object.<anonymous> (/Users/anantkan/nextjs-claude-chat-app/node_modules/next/dist/bin/next:57:1)
    at Module._compile (internal/modules/cjs/loader.js:1114:14)
    at Object.Module._extensions..js (internal/modules/cjs/loader.js:1143:10)
    at Module.load (internal/modules/cjs/loader.js:979:32)
    at Function.Module._load (internal/modules/cjs/loader.js:819:12)
    at Function.executeUserEntryPoint [as runMain] (internal/modules/run_main.js:75:12)
    at internal/main/run_main_module.js:17:47
npm ERR! code ELIFECYCLE
npm ERR! errno 1
npm ERR! nextjs-claude-chat-app@0.1.0 dev: `next dev`
npm ERR! Exit status 1
npm ERR! 
npm ERR! Failed at the nextjs-claude-chat-app@0.1.0 dev script.
npm ERR! This is probably not a problem with npm. There is likely additional logging output above.

npm ERR! A complete log of this run can be found in:
npm ERR!     /Users/anantkan/.npm/_logs/2024-10-08T02_39_30_279Z-debug.log
/Users/anantkan/nextjs-claude-chat-app/run_claude_chat.sh: line 20: ada: command not found
/Users/anantkan/nextjs-claude-chat-app/run_claude_chat.sh: line 24: aws: command not found
/Users/anantkan/nextjs-claude-chat-app/run_claude_chat.sh: line 25: aws: command not found
/Users/anantkan/nextjs-claude-chat-app/node_modules/next/dist/bin/next:57
performance.mark("next-start");
^

ReferenceError: performance is not defined
    at Object.<anonymous> (/Users/anantkan/nextjs-claude-chat-app/node_modules/next/dist/bin/next:57:1)
    at Module._compile (internal/modules/cjs/loader.js:1114:14)
    at Object.Module._extensions..js (internal/modules/cjs/loader.js:1143:10)
    at Module.load (internal/modules/cjs/loader.js:979:32)
    at Function.Module._load (internal/modules/cjs/loader.js:819:12)
    at Function.executeUserEntryPoint [as runMain] (internal/modules/run_main.js:75:12)
    at internal/main/run_main_module.js:17:47
npm ERR! code ELIFECYCLE
npm ERR! errno 1
npm ERR! nextjs-claude-chat-app@0.1.0 dev: `next dev`
npm ERR! Exit status 1
npm ERR! 
npm ERR! Failed at the nextjs-claude-chat-app@0.1.0 dev script.
npm ERR! This is probably not a problem with npm. There is likely additional logging output above.

npm ERR! A complete log of this run can be found in:
npm ERR!     /Users/anantkan/.npm/_logs/2024-10-08T03_09_51_542Z-debug.log
kill: usage: kill [-s sigspec | -n signum | -sigspec] pid | jobspec ... or kill -l [sigspec]
/Users/anantkan/nextjs-claude-chat-app/run_claude_chat.sh: line 20: ada: command not found
/Users/anantkan/nextjs-claude-chat-app/run_claude_chat.sh: line 24: aws: command not found
/Users/anantkan/nextjs-claude-chat-app/run_claude_chat.sh: line 25: aws: command not found
/Users/anantkan/nextjs-claude-chat-app/node_modules/next/dist/bin/next:57
performance.mark("next-start");
^

ReferenceError: performance is not defined
    at Object.<anonymous> (/Users/anantkan/nextjs-claude-chat-app/node_modules/next/dist/bin/next:57:1)
    at Module._compile (internal/modules/cjs/loader.js:1114:14)
    at Object.Module._extensions..js (internal/modules/cjs/loader.js:1143:10)
    at Module.load (internal/modules/cjs/loader.js:979:32)
    at Function.Module._load (internal/modules/cjs/loader.js:819:12)
    at Function.executeUserEntryPoint [as runMain] (internal/modules/run_main.js:75:12)
    at internal/main/run_main_module.js:17:47
npm ERR! code ELIFECYCLE
npm ERR! errno 1
npm ERR! nextjs-claude-chat-app@0.1.0 dev: `next dev`
npm ERR! Exit status 1
npm ERR! 
npm ERR! Failed at the nextjs-claude-chat-app@0.1.0 dev script.
npm ERR! This is probably not a problem with npm. There is likely additional logging output above.

npm ERR! A complete log of this run can be found in:
npm ERR!     /Users/anantkan/.npm/_logs/2024-10-08T03_39_53_299Z-debug.log
/Users/anantkan/nextjs-claude-chat-app/run_claude_chat.sh: line 20: ada: command not found
/Users/anantkan/nextjs-claude-chat-app/run_claude_chat.sh: line 24: aws: command not found
/Users/anantkan/nextjs-claude-chat-app/run_claude_chat.sh: line 25: aws: command not found
/Users/anantkan/nextjs-claude-chat-app/node_modules/next/dist/bin/next:57
performance.mark("next-start");
^

ReferenceError: performance is not defined
    at Object.<anonymous> (/Users/anantkan/nextjs-claude-chat-app/node_modules/next/dist/bin/next:57:1)
    at Module._compile (internal/modules/cjs/loader.js:1114:14)
    at Object.Module._extensions..js (internal/modules/cjs/loader.js:1143:10)
    at Module.load (internal/modules/cjs/loader.js:979:32)
    at Function.Module._load (internal/modules/cjs/loader.js:819:12)
    at Function.executeUserEntryPoint [as runMain] (internal/modules/run_main.js:75:12)
    at internal/main/run_main_module.js:17:47
npm ERR! code ELIFECYCLE
npm ERR! errno 1
npm ERR! nextjs-claude-chat-app@0.1.0 dev: `next dev`
npm ERR! Exit status 1
npm ERR! 
npm ERR! Failed at the nextjs-claude-chat-app@0.1.0 dev script.
npm ERR! This is probably not a problem with npm. There is likely additional logging output above.

npm ERR! A complete log of this run can be found in:
npm ERR!     /Users/anantkan/.npm/_logs/2024-10-08T04_09_55_521Z-debug.log
/Users/anantkan/nextjs-claude-chat-app/run_claude_chat.sh: line 20: ada: command not found
/Users/anantkan/nextjs-claude-chat-app/run_claude_chat.sh: line 24: aws: command not found
/Users/anantkan/nextjs-claude-chat-app/run_claude_chat.sh: line 25: aws: command not found
/Users/anantkan/nextjs-claude-chat-app/node_modules/next/dist/bin/next:57
performance.mark("next-start");
^

ReferenceError: performance is not defined
    at Object.<anonymous> (/Users/anantkan/nextjs-claude-chat-app/node_modules/next/dist/bin/next:57:1)
    at Module._compile (internal/modules/cjs/loader.js:1114:14)
    at Object.Module._extensions..js (internal/modules/cjs/loader.js:1143:10)
    at Module.load (internal/modules/cjs/loader.js:979:32)
    at Function.Module._load (internal/modules/cjs/loader.js:819:12)
    at Function.executeUserEntryPoint [as runMain] (internal/modules/run_main.js:75:12)
    at internal/main/run_main_module.js:17:47
npm ERR! code ELIFECYCLE
npm ERR! errno 1
npm ERR! nextjs-claude-chat-app@0.1.0 dev: `next dev`
npm ERR! Exit status 1
npm ERR! 
npm ERR! Failed at the nextjs-claude-chat-app@0.1.0 dev script.
npm ERR! This is probably not a problem with npm. There is likely additional logging output above.

npm ERR! A complete log of this run can be found in:
npm ERR!     /Users/anantkan/.npm/_logs/2024-10-08T04_39_57_449Z-debug.log
/Users/anantkan/nextjs-claude-chat-app/run_claude_chat.sh: line 20: ada: command not found
/Users/anantkan/nextjs-claude-chat-app/run_claude_chat.sh: line 24: aws: command not found
/Users/anantkan/nextjs-claude-chat-app/run_claude_chat.sh: line 25: aws: command not found
/Users/anantkan/nextjs-claude-chat-app/node_modules/next/dist/bin/next:57
performance.mark("next-start");
^

ReferenceError: performance is not defined
    at Object.<anonymous> (/Users/anantkan/nextjs-claude-chat-app/node_modules/next/dist/bin/next:57:1)
    at Module._compile (internal/modules/cjs/loader.js:1114:14)
    at Object.Module._extensions..js (internal/modules/cjs/loader.js:1143:10)
    at Module.load (internal/modules/cjs/loader.js:979:32)
    at Function.Module._load (internal/modules/cjs/loader.js:819:12)
    at Function.executeUserEntryPoint [as runMain] (internal/modules/run_main.js:75:12)
    at internal/main/run_main_module.js:17:47
npm ERR! code ELIFECYCLE
npm ERR! errno 1
npm ERR! nextjs-claude-chat-app@0.1.0 dev: `next dev`
npm ERR! Exit status 1
npm ERR! 
npm ERR! Failed at the nextjs-claude-chat-app@0.1.0 dev script.
npm ERR! This is probably not a problem with npm. There is likely additional logging output above.

npm ERR! A complete log of this run can be found in:
npm ERR!     /Users/anantkan/.npm/_logs/2024-10-08T05_10_00_534Z-debug.log
/Users/anantkan/nextjs-claude-chat-app/run_claude_chat.sh: line 20: ada: command not found
/Users/anantkan/nextjs-claude-chat-app/run_claude_chat.sh: line 24: aws: command not found
/Users/anantkan/nextjs-claude-chat-app/run_claude_chat.sh: line 25: aws: command not found
/Users/anantkan/nextjs-claude-chat-app/node_modules/next/dist/bin/next:57
performance.mark("next-start");
^

ReferenceError: performance is not defined
    at Object.<anonymous> (/Users/anantkan/nextjs-claude-chat-app/node_modules/next/dist/bin/next:57:1)
    at Module._compile (internal/modules/cjs/loader.js:1114:14)
    at Object.Module._extensions..js (internal/modules/cjs/loader.js:1143:10)
    at Module.load (internal/modules/cjs/loader.js:979:32)
    at Function.Module._load (internal/modules/cjs/loader.js:819:12)
    at Function.executeUserEntryPoint [as runMain] (internal/modules/run_main.js:75:12)
    at internal/main/run_main_module.js:17:47
npm ERR! code ELIFECYCLE
npm ERR! errno 1
npm ERR! nextjs-claude-chat-app@0.1.0 dev: `next dev`
npm ERR! Exit status 1
npm ERR! 
npm ERR! Failed at the nextjs-claude-chat-app@0.1.0 dev script.
npm ERR! This is probably not a problem with npm. There is likely additional logging output above.

npm ERR! A complete log of this run can be found in:
npm ERR!     /Users/anantkan/.npm/_logs/2024-10-08T05_40_06_599Z-debug.log
kill: usage: kill [-s sigspec | -n signum | -sigspec] pid | jobspec ... or kill -l [sigspec]
/Users/anantkan/nextjs-claude-chat-app/run_claude_chat.sh: line 20: ada: command not found
/Users/anantkan/nextjs-claude-chat-app/run_claude_chat.sh: line 24: aws: command not found
/Users/anantkan/nextjs-claude-chat-app/run_claude_chat.sh: line 25: aws: command not found
/Users/anantkan/nextjs-claude-chat-app/node_modules/next/dist/bin/next:57
performance.mark("next-start");
^

ReferenceError: performance is not defined
    at Object.<anonymous> (/Users/anantkan/nextjs-claude-chat-app/node_modules/next/dist/bin/next:57:1)
    at Module._compile (internal/modules/cjs/loader.js:1114:14)
    at Object.Module._extensions..js (internal/modules/cjs/loader.js:1143:10)
    at Module.load (internal/modules/cjs/loader.js:979:32)
    at Function.Module._load (internal/modules/cjs/loader.js:819:12)
    at Function.executeUserEntryPoint [as runMain] (internal/modules/run_main.js:75:12)
    at internal/main/run_main_module.js:17:47
npm ERR! code ELIFECYCLE
npm ERR! errno 1
npm ERR! nextjs-claude-chat-app@0.1.0 dev: `next dev`
npm ERR! Exit status 1
npm ERR! 
npm ERR! Failed at the nextjs-claude-chat-app@0.1.0 dev script.
npm ERR! This is probably not a problem with npm. There is likely additional logging output above.

npm ERR! A complete log of this run can be found in:
npm ERR!     /Users/anantkan/.npm/_logs/2024-10-08T06_10_08_482Z-debug.log
kill: 84655: No such process
/Users/anantkan/nextjs-claude-chat-app/run_claude_chat.sh: line 20: ada: command not found
/Users/anantkan/nextjs-claude-chat-app/run_claude_chat.sh: line 24: aws: command not found
/Users/anantkan/nextjs-claude-chat-app/run_claude_chat.sh: line 25: aws: command not found
/Users/anantkan/nextjs-claude-chat-app/node_modules/next/dist/bin/next:57
performance.mark("next-start");
^

ReferenceError: performance is not defined
    at Object.<anonymous> (/Users/anantkan/nextjs-claude-chat-app/node_modules/next/dist/bin/next:57:1)
    at Module._compile (internal/modules/cjs/loader.js:1114:14)
    at Object.Module._extensions..js (internal/modules/cjs/loader.js:1143:10)
    at Module.load (internal/modules/cjs/loader.js:979:32)
    at Function.Module._load (internal/modules/cjs/loader.js:819:12)
    at Function.executeUserEntryPoint [as runMain] (internal/modules/run_main.js:75:12)
    at internal/main/run_main_module.js:17:47
npm ERR! code ELIFECYCLE
npm ERR! errno 1
npm ERR! nextjs-claude-chat-app@0.1.0 dev: `next dev`
npm ERR! Exit status 1
npm ERR! 
npm ERR! Failed at the nextjs-claude-chat-app@0.1.0 dev script.
npm ERR! This is probably not a problem with npm. There is likely additional logging output above.

npm ERR! A complete log of this run can be found in:
npm ERR!     /Users/anantkan/.npm/_logs/2024-10-08T06_42_00_265Z-debug.log
/Users/anantkan/nextjs-claude-chat-app/run_claude_chat.sh: line 20: ada: command not found
/Users/anantkan/nextjs-claude-chat-app/run_claude_chat.sh: line 24: aws: command not found
/Users/anantkan/nextjs-claude-chat-app/run_claude_chat.sh: line 25: aws: command not found
/Users/anantkan/nextjs-claude-chat-app/node_modules/next/dist/bin/next:57
performance.mark("next-start");
^

ReferenceError: performance is not defined
    at Object.<anonymous> (/Users/anantkan/nextjs-claude-chat-app/node_modules/next/dist/bin/next:57:1)
    at Module._compile (internal/modules/cjs/loader.js:1114:14)
    at Object.Module._extensions..js (internal/modules/cjs/loader.js:1143:10)
    at Module.load (internal/modules/cjs/loader.js:979:32)
    at Function.Module._load (internal/modules/cjs/loader.js:819:12)
    at Function.executeUserEntryPoint [as runMain] (internal/modules/run_main.js:75:12)
    at internal/main/run_main_module.js:17:47
npm ERR! code ELIFECYCLE
npm ERR! errno 1
npm ERR! nextjs-claude-chat-app@0.1.0 dev: `next dev`
npm ERR! Exit status 1
npm ERR! 
npm ERR! Failed at the nextjs-claude-chat-app@0.1.0 dev script.
npm ERR! This is probably not a problem with npm. There is likely additional logging output above.

npm ERR! A complete log of this run can be found in:
npm ERR!     /Users/anantkan/.npm/_logs/2024-10-08T07_13_31_655Z-debug.log
kill: usage: kill [-s sigspec | -n signum | -sigspec] pid | jobspec ... or kill -l [sigspec]
/Users/anantkan/nextjs-claude-chat-app/run_claude_chat.sh: line 20: ada: command not found
/Users/anantkan/nextjs-claude-chat-app/run_claude_chat.sh: line 24: aws: command not found
/Users/anantkan/nextjs-claude-chat-app/run_claude_chat.sh: line 25: aws: command not found
/Users/anantkan/nextjs-claude-chat-app/node_modules/next/dist/bin/next:57
performance.mark("next-start");
^

ReferenceError: performance is not defined
    at Object.<anonymous> (/Users/anantkan/nextjs-claude-chat-app/node_modules/next/dist/bin/next:57:1)
    at Module._compile (internal/modules/cjs/loader.js:1114:14)
    at Object.Module._extensions..js (internal/modules/cjs/loader.js:1143:10)
    at Module.load (internal/modules/cjs/loader.js:979:32)
    at Function.Module._load (internal/modules/cjs/loader.js:819:12)
    at Function.executeUserEntryPoint [as runMain] (internal/modules/run_main.js:75:12)
    at internal/main/run_main_module.js:17:47
npm ERR! code ELIFECYCLE
npm ERR! errno 1
npm ERR! nextjs-claude-chat-app@0.1.0 dev: `next dev`
npm ERR! Exit status 1
npm ERR! 
npm ERR! Failed at the nextjs-claude-chat-app@0.1.0 dev script.
npm ERR! This is probably not a problem with npm. There is likely additional logging output above.

npm ERR! A complete log of this run can be found in:
npm ERR!     /Users/anantkan/.npm/_logs/2024-10-08T07_43_40_330Z-debug.log
kill: usage: kill [-s sigspec | -n signum | -sigspec] pid | jobspec ... or kill -l [sigspec]
/Users/anantkan/nextjs-claude-chat-app/run_claude_chat.sh: line 20: ada: command not found
/Users/anantkan/nextjs-claude-chat-app/run_claude_chat.sh: line 24: aws: command not found
/Users/anantkan/nextjs-claude-chat-app/run_claude_chat.sh: line 25: aws: command not found
/Users/anantkan/nextjs-claude-chat-app/node_modules/next/dist/bin/next:57
performance.mark("next-start");
^

ReferenceError: performance is not defined
    at Object.<anonymous> (/Users/anantkan/nextjs-claude-chat-app/node_modules/next/dist/bin/next:57:1)
    at Module._compile (internal/modules/cjs/loader.js:1114:14)
    at Object.Module._extensions..js (internal/modules/cjs/loader.js:1143:10)
    at Module.load (internal/modules/cjs/loader.js:979:32)
    at Function.Module._load (internal/modules/cjs/loader.js:819:12)
    at Function.executeUserEntryPoint [as runMain] (internal/modules/run_main.js:75:12)
    at internal/main/run_main_module.js:17:47
npm ERR! code ELIFECYCLE
npm ERR! errno 1
npm ERR! nextjs-claude-chat-app@0.1.0 dev: `next dev`
npm ERR! Exit status 1
npm ERR! 
npm ERR! Failed at the nextjs-claude-chat-app@0.1.0 dev script.
npm ERR! This is probably not a problem with npm. There is likely additional logging output above.

npm ERR! A complete log of this run can be found in:
npm ERR!     /Users/anantkan/.npm/_logs/2024-10-08T08_13_41_675Z-debug.log
kill: usage: kill [-s sigspec | -n signum | -sigspec] pid | jobspec ... or kill -l [sigspec]
/Users/anantkan/nextjs-claude-chat-app/run_claude_chat.sh: line 20: ada: command not found
/Users/anantkan/nextjs-claude-chat-app/run_claude_chat.sh: line 24: aws: command not found
/Users/anantkan/nextjs-claude-chat-app/run_claude_chat.sh: line 25: aws: command not found
/Users/anantkan/nextjs-claude-chat-app/node_modules/next/dist/bin/next:57
performance.mark("next-start");
^

ReferenceError: performance is not defined
    at Object.<anonymous> (/Users/anantkan/nextjs-claude-chat-app/node_modules/next/dist/bin/next:57:1)
    at Module._compile (internal/modules/cjs/loader.js:1114:14)
    at Object.Module._extensions..js (internal/modules/cjs/loader.js:1143:10)
    at Module.load (internal/modules/cjs/loader.js:979:32)
    at Function.Module._load (internal/modules/cjs/loader.js:819:12)
    at Function.executeUserEntryPoint [as runMain] (internal/modules/run_main.js:75:12)
    at internal/main/run_main_module.js:17:47
npm ERR! code ELIFECYCLE
npm ERR! errno 1
npm ERR! nextjs-claude-chat-app@0.1.0 dev: `next dev`
npm ERR! Exit status 1
npm ERR! 
npm ERR! Failed at the nextjs-claude-chat-app@0.1.0 dev script.
npm ERR! This is probably not a problem with npm. There is likely additional logging output above.

npm ERR! A complete log of this run can be found in:
npm ERR!     /Users/anantkan/.npm/_logs/2024-10-08T09_05_10_213Z-debug.log
kill: usage: kill [-s sigspec | -n signum | -sigspec] pid | jobspec ... or kill -l [sigspec]
/Users/anantkan/nextjs-claude-chat-app/run_claude_chat.sh: line 20: ada: command not found
/Users/anantkan/nextjs-claude-chat-app/run_claude_chat.sh: line 24: aws: command not found
/Users/anantkan/nextjs-claude-chat-app/run_claude_chat.sh: line 25: aws: command not found
/Users/anantkan/nextjs-claude-chat-app/node_modules/next/dist/bin/next:57
performance.mark("next-start");
^

ReferenceError: performance is not defined
    at Object.<anonymous> (/Users/anantkan/nextjs-claude-chat-app/node_modules/next/dist/bin/next:57:1)
    at Module._compile (internal/modules/cjs/loader.js:1114:14)
    at Object.Module._extensions..js (internal/modules/cjs/loader.js:1143:10)
    at Module.load (internal/modules/cjs/loader.js:979:32)
    at Function.Module._load (internal/modules/cjs/loader.js:819:12)
    at Function.executeUserEntryPoint [as runMain] (internal/modules/run_main.js:75:12)
    at internal/main/run_main_module.js:17:47
npm ERR! code ELIFECYCLE
npm ERR! errno 1
npm ERR! nextjs-claude-chat-app@0.1.0 dev: `next dev`
npm ERR! Exit status 1
npm ERR! 
npm ERR! Failed at the nextjs-claude-chat-app@0.1.0 dev script.
npm ERR! This is probably not a problem with npm. There is likely additional logging output above.

npm ERR! A complete log of this run can be found in:
npm ERR!     /Users/anantkan/.npm/_logs/2024-10-08T09_35_11_461Z-debug.log
kill: usage: kill [-s sigspec | -n signum | -sigspec] pid | jobspec ... or kill -l [sigspec]
/Users/anantkan/nextjs-claude-chat-app/run_claude_chat.sh: line 20: ada: command not found
/Users/anantkan/nextjs-claude-chat-app/run_claude_chat.sh: line 24: aws: command not found
/Users/anantkan/nextjs-claude-chat-app/run_claude_chat.sh: line 25: aws: command not found
/Users/anantkan/nextjs-claude-chat-app/node_modules/next/dist/bin/next:57
performance.mark("next-start");
^

ReferenceError: performance is not defined
    at Object.<anonymous> (/Users/anantkan/nextjs-claude-chat-app/node_modules/next/dist/bin/next:57:1)
    at Module._compile (internal/modules/cjs/loader.js:1114:14)
    at Object.Module._extensions..js (internal/modules/cjs/loader.js:1143:10)
    at Module.load (internal/modules/cjs/loader.js:979:32)
    at Function.Module._load (internal/modules/cjs/loader.js:819:12)
    at Function.executeUserEntryPoint [as runMain] (internal/modules/run_main.js:75:12)
    at internal/main/run_main_module.js:17:47
npm ERR! code ELIFECYCLE
npm ERR! errno 1
npm ERR! nextjs-claude-chat-app@0.1.0 dev: `next dev`
npm ERR! Exit status 1
npm ERR! 
npm ERR! Failed at the nextjs-claude-chat-app@0.1.0 dev script.
npm ERR! This is probably not a problem with npm. There is likely additional logging output above.

npm ERR! A complete log of this run can be found in:
npm ERR!     /Users/anantkan/.npm/_logs/2024-10-08T10_05_12_324Z-debug.log
kill: usage: kill [-s sigspec | -n signum | -sigspec] pid | jobspec ... or kill -l [sigspec]
/Users/anantkan/nextjs-claude-chat-app/run_claude_chat.sh: line 20: ada: command not found
/Users/anantkan/nextjs-claude-chat-app/run_claude_chat.sh: line 24: aws: command not found
/Users/anantkan/nextjs-claude-chat-app/run_claude_chat.sh: line 25: aws: command not found
/Users/anantkan/nextjs-claude-chat-app/node_modules/next/dist/bin/next:57
performance.mark("next-start");
^

ReferenceError: performance is not defined
    at Object.<anonymous> (/Users/anantkan/nextjs-claude-chat-app/node_modules/next/dist/bin/next:57:1)
    at Module._compile (internal/modules/cjs/loader.js:1114:14)
    at Object.Module._extensions..js (internal/modules/cjs/loader.js:1143:10)
    at Module.load (internal/modules/cjs/loader.js:979:32)
    at Function.Module._load (internal/modules/cjs/loader.js:819:12)
    at Function.executeUserEntryPoint [as runMain] (internal/modules/run_main.js:75:12)
    at internal/main/run_main_module.js:17:47
npm ERR! code ELIFECYCLE
npm ERR! errno 1
npm ERR! nextjs-claude-chat-app@0.1.0 dev: `next dev`
npm ERR! Exit status 1
npm ERR! 
npm ERR! Failed at the nextjs-claude-chat-app@0.1.0 dev script.
npm ERR! This is probably not a problem with npm. There is likely additional logging output above.

npm ERR! A complete log of this run can be found in:
npm ERR!     /Users/anantkan/.npm/_logs/2024-10-08T10_35_13_443Z-debug.log
kill: usage: kill [-s sigspec | -n signum | -sigspec] pid | jobspec ... or kill -l [sigspec]
/Users/anantkan/nextjs-claude-chat-app/run_claude_chat.sh: line 20: ada: command not found
/Users/anantkan/nextjs-claude-chat-app/run_claude_chat.sh: line 24: aws: command not found
/Users/anantkan/nextjs-claude-chat-app/run_claude_chat.sh: line 25: aws: command not found
/Users/anantkan/nextjs-claude-chat-app/node_modules/next/dist/bin/next:57
performance.mark("next-start");
^

ReferenceError: performance is not defined
    at Object.<anonymous> (/Users/anantkan/nextjs-claude-chat-app/node_modules/next/dist/bin/next:57:1)
    at Module._compile (internal/modules/cjs/loader.js:1114:14)
    at Object.Module._extensions..js (internal/modules/cjs/loader.js:1143:10)
    at Module.load (internal/modules/cjs/loader.js:979:32)
    at Function.Module._load (internal/modules/cjs/loader.js:819:12)
    at Function.executeUserEntryPoint [as runMain] (internal/modules/run_main.js:75:12)
    at internal/main/run_main_module.js:17:47
npm ERR! code ELIFECYCLE
npm ERR! errno 1
npm ERR! nextjs-claude-chat-app@0.1.0 dev: `next dev`
npm ERR! Exit status 1
npm ERR! 
npm ERR! Failed at the nextjs-claude-chat-app@0.1.0 dev script.
npm ERR! This is probably not a problem with npm. There is likely additional logging output above.

npm ERR! A complete log of this run can be found in:
npm ERR!     /Users/anantkan/.npm/_logs/2024-10-08T11_05_16_411Z-debug.log
kill: usage: kill [-s sigspec | -n signum | -sigspec] pid | jobspec ... or kill -l [sigspec]
/Users/anantkan/nextjs-claude-chat-app/run_claude_chat.sh: line 20: ada: command not found
/Users/anantkan/nextjs-claude-chat-app/run_claude_chat.sh: line 24: aws: command not found
/Users/anantkan/nextjs-claude-chat-app/run_claude_chat.sh: line 25: aws: command not found
/Users/anantkan/nextjs-claude-chat-app/node_modules/next/dist/bin/next:57
performance.mark("next-start");
^

ReferenceError: performance is not defined
    at Object.<anonymous> (/Users/anantkan/nextjs-claude-chat-app/node_modules/next/dist/bin/next:57:1)
    at Module._compile (internal/modules/cjs/loader.js:1114:14)
    at Object.Module._extensions..js (internal/modules/cjs/loader.js:1143:10)
    at Module.load (internal/modules/cjs/loader.js:979:32)
    at Function.Module._load (internal/modules/cjs/loader.js:819:12)
    at Function.executeUserEntryPoint [as runMain] (internal/modules/run_main.js:75:12)
    at internal/main/run_main_module.js:17:47
npm ERR! code ELIFECYCLE
npm ERR! errno 1
npm ERR! nextjs-claude-chat-app@0.1.0 dev: `next dev`
npm ERR! Exit status 1
npm ERR! 
npm ERR! Failed at the nextjs-claude-chat-app@0.1.0 dev script.
npm ERR! This is probably not a problem with npm. There is likely additional logging output above.

npm ERR! A complete log of this run can be found in:
npm ERR!     /Users/anantkan/.npm/_logs/2024-10-08T13_49_23_359Z-debug.log
kill: usage: kill [-s sigspec | -n signum | -sigspec] pid | jobspec ... or kill -l [sigspec]
/Users/anantkan/nextjs-claude-chat-app/run_claude_chat.sh: line 20: ada: command not found
/Users/anantkan/nextjs-claude-chat-app/run_claude_chat.sh: line 24: aws: command not found
/Users/anantkan/nextjs-claude-chat-app/run_claude_chat.sh: line 25: aws: command not found
/Users/anantkan/nextjs-claude-chat-app/node_modules/next/dist/bin/next:57
performance.mark("next-start");
^

ReferenceError: performance is not defined
    at Object.<anonymous> (/Users/anantkan/nextjs-claude-chat-app/node_modules/next/dist/bin/next:57:1)
    at Module._compile (internal/modules/cjs/loader.js:1114:14)
    at Object.Module._extensions..js (internal/modules/cjs/loader.js:1143:10)
    at Module.load (internal/modules/cjs/loader.js:979:32)
    at Function.Module._load (internal/modules/cjs/loader.js:819:12)
    at Function.executeUserEntryPoint [as runMain] (internal/modules/run_main.js:75:12)
    at internal/main/run_main_module.js:17:47
npm ERR! code ELIFECYCLE
npm ERR! errno 1
npm ERR! nextjs-claude-chat-app@0.1.0 dev: `next dev`
npm ERR! Exit status 1
npm ERR! 
npm ERR! Failed at the nextjs-claude-chat-app@0.1.0 dev script.
npm ERR! This is probably not a problem with npm. There is likely additional logging output above.

npm ERR! A complete log of this run can be found in:
npm ERR!     /Users/anantkan/.npm/_logs/2024-10-08T14_49_13_232Z-debug.log
kill: usage: kill [-s sigspec | -n signum | -sigspec] pid | jobspec ... or kill -l [sigspec]
/Users/anantkan/nextjs-claude-chat-app/run_claude_chat.sh: line 20: ada: command not found
/Users/anantkan/nextjs-claude-chat-app/run_claude_chat.sh: line 24: aws: command not found
/Users/anantkan/nextjs-claude-chat-app/run_claude_chat.sh: line 25: aws: command not found
/Users/anantkan/nextjs-claude-chat-app/node_modules/next/dist/bin/next:57
performance.mark("next-start");
^

ReferenceError: performance is not defined
    at Object.<anonymous> (/Users/anantkan/nextjs-claude-chat-app/node_modules/next/dist/bin/next:57:1)
    at Module._compile (internal/modules/cjs/loader.js:1114:14)
    at Object.Module._extensions..js (internal/modules/cjs/loader.js:1143:10)
    at Module.load (internal/modules/cjs/loader.js:979:32)
    at Function.Module._load (internal/modules/cjs/loader.js:819:12)
    at Function.executeUserEntryPoint [as runMain] (internal/modules/run_main.js:75:12)
    at internal/main/run_main_module.js:17:47
npm ERR! code ELIFECYCLE
npm ERR! errno 1
npm ERR! nextjs-claude-chat-app@0.1.0 dev: `next dev`
npm ERR! Exit status 1
npm ERR! 
npm ERR! Failed at the nextjs-claude-chat-app@0.1.0 dev script.
npm ERR! This is probably not a problem with npm. There is likely additional logging output above.

npm ERR! A complete log of this run can be found in:
npm ERR!     /Users/anantkan/.npm/_logs/2024-10-08T15_39_16_636Z-debug.log
/Users/anantkan/nextjs-claude-chat-app/run_claude_chat.sh: line 20: ada: command not found
/Users/anantkan/nextjs-claude-chat-app/run_claude_chat.sh: line 24: aws: command not found
/Users/anantkan/nextjs-claude-chat-app/run_claude_chat.sh: line 25: aws: command not found
/Users/anantkan/nextjs-claude-chat-app/node_modules/next/dist/bin/next:57
performance.mark("next-start");
^

ReferenceError: performance is not defined
    at Object.<anonymous> (/Users/anantkan/nextjs-claude-chat-app/node_modules/next/dist/bin/next:57:1)
    at Module._compile (internal/modules/cjs/loader.js:1114:14)
    at Object.Module._extensions..js (internal/modules/cjs/loader.js:1143:10)
    at Module.load (internal/modules/cjs/loader.js:979:32)
    at Function.Module._load (internal/modules/cjs/loader.js:819:12)
    at Function.executeUserEntryPoint [as runMain] (internal/modules/run_main.js:75:12)
    at internal/main/run_main_module.js:17:47
npm ERR! code ELIFECYCLE
npm ERR! errno 1
npm ERR! nextjs-claude-chat-app@0.1.0 dev: `next dev`
npm ERR! Exit status 1
npm ERR! 
npm ERR! Failed at the nextjs-claude-chat-app@0.1.0 dev script.
npm ERR! This is probably not a problem with npm. There is likely additional logging output above.

npm ERR! A complete log of this run can be found in:
npm ERR!     /Users/anantkan/.npm/_logs/2024-10-08T16_02_04_058Z-debug.log
/Users/anantkan/nextjs-claude-chat-app/run_claude_chat.sh: line 20: ada: command not found
/Users/anantkan/nextjs-claude-chat-app/run_claude_chat.sh: line 24: aws: command not found
/Users/anantkan/nextjs-claude-chat-app/run_claude_chat.sh: line 25: aws: command not found
/Users/anantkan/nextjs-claude-chat-app/node_modules/next/dist/bin/next:57
performance.mark("next-start");
^

ReferenceError: performance is not defined
    at Object.<anonymous> (/Users/anantkan/nextjs-claude-chat-app/node_modules/next/dist/bin/next:57:1)
    at Module._compile (internal/modules/cjs/loader.js:1114:14)
    at Object.Module._extensions..js (internal/modules/cjs/loader.js:1143:10)
    at Module.load (internal/modules/cjs/loader.js:979:32)
    at Function.Module._load (internal/modules/cjs/loader.js:819:12)
    at Function.executeUserEntryPoint [as runMain] (internal/modules/run_main.js:75:12)
    at internal/main/run_main_module.js:17:47
npm ERR! code ELIFECYCLE
npm ERR! errno 1
npm ERR! nextjs-claude-chat-app@0.1.0 dev: `next dev`
npm ERR! Exit status 1
npm ERR! 
npm ERR! Failed at the nextjs-claude-chat-app@0.1.0 dev script.
npm ERR! This is probably not a problem with npm. There is likely additional logging output above.

npm ERR! A complete log of this run can be found in:
npm ERR!     /Users/anantkan/.npm/_logs/2024-10-08T16_56_17_644Z-debug.log
kill: 25988: No such process
/Users/anantkan/nextjs-claude-chat-app/run_claude_chat.sh: line 20: ada: command not found
/Users/anantkan/nextjs-claude-chat-app/run_claude_chat.sh: line 24: aws: command not found
/Users/anantkan/nextjs-claude-chat-app/run_claude_chat.sh: line 25: aws: command not found
/Users/anantkan/nextjs-claude-chat-app/node_modules/next/dist/bin/next:57
performance.mark("next-start");
^

ReferenceError: performance is not defined
    at Object.<anonymous> (/Users/anantkan/nextjs-claude-chat-app/node_modules/next/dist/bin/next:57:1)
    at Module._compile (internal/modules/cjs/loader.js:1114:14)
    at Object.Module._extensions..js (internal/modules/cjs/loader.js:1143:10)
    at Module.load (internal/modules/cjs/loader.js:979:32)
    at Function.Module._load (internal/modules/cjs/loader.js:819:12)
    at Function.executeUserEntryPoint [as runMain] (internal/modules/run_main.js:75:12)
    at internal/main/run_main_module.js:17:47
npm ERR! code ELIFECYCLE
npm ERR! errno 1
npm ERR! nextjs-claude-chat-app@0.1.0 dev: `next dev`
npm ERR! Exit status 1
npm ERR! 
npm ERR! Failed at the nextjs-claude-chat-app@0.1.0 dev script.
npm ERR! This is probably not a problem with npm. There is likely additional logging output above.

npm ERR! A complete log of this run can be found in:
npm ERR!     /Users/anantkan/.npm/_logs/2024-10-08T17_27_39_097Z-debug.log
kill: 1470: No such process
kill: 38290: No such process
/Users/anantkan/nextjs-claude-chat-app/run_claude_chat.sh: line 20: ada: command not found
/Users/anantkan/nextjs-claude-chat-app/run_claude_chat.sh: line 24: aws: command not found
/Users/anantkan/nextjs-claude-chat-app/run_claude_chat.sh: line 25: aws: command not found
/Users/anantkan/nextjs-claude-chat-app/node_modules/next/dist/bin/next:57
performance.mark("next-start");
^

ReferenceError: performance is not defined
    at Object.<anonymous> (/Users/anantkan/nextjs-claude-chat-app/node_modules/next/dist/bin/next:57:1)
    at Module._compile (internal/modules/cjs/loader.js:1114:14)
    at Object.Module._extensions..js (internal/modules/cjs/loader.js:1143:10)
    at Module.load (internal/modules/cjs/loader.js:979:32)
    at Function.Module._load (internal/modules/cjs/loader.js:819:12)
    at Function.executeUserEntryPoint [as runMain] (internal/modules/run_main.js:75:12)
    at internal/main/run_main_module.js:17:47
npm ERR! code ELIFECYCLE
npm ERR! errno 1
npm ERR! nextjs-claude-chat-app@0.1.0 dev: `next dev`
npm ERR! Exit status 1
npm ERR! 
npm ERR! Failed at the nextjs-claude-chat-app@0.1.0 dev script.
npm ERR! This is probably not a problem with npm. There is likely additional logging output above.

npm ERR! A complete log of this run can be found in:
npm ERR!     /Users/anantkan/.npm/_logs/2024-10-08T17_57_40_688Z-debug.log
/Users/anantkan/nextjs-claude-chat-app/run_claude_chat.sh: line 20: ada: command not found
/Users/anantkan/nextjs-claude-chat-app/run_claude_chat.sh: line 24: aws: command not found
/Users/anantkan/nextjs-claude-chat-app/run_claude_chat.sh: line 25: aws: command not found
/Users/anantkan/nextjs-claude-chat-app/node_modules/next/dist/bin/next:57
performance.mark("next-start");
^

ReferenceError: performance is not defined
    at Object.<anonymous> (/Users/anantkan/nextjs-claude-chat-app/node_modules/next/dist/bin/next:57:1)
    at Module._compile (internal/modules/cjs/loader.js:1114:14)
    at Object.Module._extensions..js (internal/modules/cjs/loader.js:1143:10)
    at Module.load (internal/modules/cjs/loader.js:979:32)
    at Function.Module._load (internal/modules/cjs/loader.js:819:12)
    at Function.executeUserEntryPoint [as runMain] (internal/modules/run_main.js:75:12)
    at internal/main/run_main_module.js:17:47
npm ERR! code ELIFECYCLE
npm ERR! errno 1
npm ERR! nextjs-claude-chat-app@0.1.0 dev: `next dev`
npm ERR! Exit status 1
npm ERR! 
npm ERR! Failed at the nextjs-claude-chat-app@0.1.0 dev script.
npm ERR! This is probably not a problem with npm. There is likely additional logging output above.

npm ERR! A complete log of this run can be found in:
npm ERR!     /Users/anantkan/.npm/_logs/2024-10-08T18_27_42_251Z-debug.log
/Users/anantkan/nextjs-claude-chat-app/run_claude_chat.sh: line 20: ada: command not found
/Users/anantkan/nextjs-claude-chat-app/run_claude_chat.sh: line 24: aws: command not found
/Users/anantkan/nextjs-claude-chat-app/run_claude_chat.sh: line 25: aws: command not found
/Users/anantkan/nextjs-claude-chat-app/node_modules/next/dist/bin/next:57
performance.mark("next-start");
^

ReferenceError: performance is not defined
    at Object.<anonymous> (/Users/anantkan/nextjs-claude-chat-app/node_modules/next/dist/bin/next:57:1)
    at Module._compile (internal/modules/cjs/loader.js:1114:14)
    at Object.Module._extensions..js (internal/modules/cjs/loader.js:1143:10)
    at Module.load (internal/modules/cjs/loader.js:979:32)
    at Function.Module._load (internal/modules/cjs/loader.js:819:12)
    at Function.executeUserEntryPoint [as runMain] (internal/modules/run_main.js:75:12)
    at internal/main/run_main_module.js:17:47
npm ERR! code ELIFECYCLE
npm ERR! errno 1
npm ERR! nextjs-claude-chat-app@0.1.0 dev: `next dev`
npm ERR! Exit status 1
npm ERR! 
npm ERR! Failed at the nextjs-claude-chat-app@0.1.0 dev script.
npm ERR! This is probably not a problem with npm. There is likely additional logging output above.

npm ERR! A complete log of this run can be found in:
npm ERR!     /Users/anantkan/.npm/_logs/2024-10-08T18_57_43_688Z-debug.log
/Users/anantkan/nextjs-claude-chat-app/run_claude_chat.sh: line 20: ada: command not found
/Users/anantkan/nextjs-claude-chat-app/run_claude_chat.sh: line 24: aws: command not found
/Users/anantkan/nextjs-claude-chat-app/run_claude_chat.sh: line 25: aws: command not found
/Users/anantkan/nextjs-claude-chat-app/node_modules/next/dist/bin/next:57
performance.mark("next-start");
^

ReferenceError: performance is not defined
    at Object.<anonymous> (/Users/anantkan/nextjs-claude-chat-app/node_modules/next/dist/bin/next:57:1)
    at Module._compile (internal/modules/cjs/loader.js:1114:14)
    at Object.Module._extensions..js (internal/modules/cjs/loader.js:1143:10)
    at Module.load (internal/modules/cjs/loader.js:979:32)
    at Function.Module._load (internal/modules/cjs/loader.js:819:12)
    at Function.executeUserEntryPoint [as runMain] (internal/modules/run_main.js:75:12)
    at internal/main/run_main_module.js:17:47
npm ERR! code ELIFECYCLE
npm ERR! errno 1
npm ERR! nextjs-claude-chat-app@0.1.0 dev: `next dev`
npm ERR! Exit status 1
npm ERR! 
npm ERR! Failed at the nextjs-claude-chat-app@0.1.0 dev script.
npm ERR! This is probably not a problem with npm. There is likely additional logging output above.

npm ERR! A complete log of this run can be found in:
npm ERR!     /Users/anantkan/.npm/_logs/2024-10-08T19_28_20_775Z-debug.log
kill: usage: kill [-s sigspec | -n signum | -sigspec] pid | jobspec ... or kill -l [sigspec]
rm: /tmp/claudechat_server.pid: No such file or directory
/Users/anantkan/nextjs-claude-chat-app/run_claude_chat.sh: line 20: ada: command not found
/Users/anantkan/nextjs-claude-chat-app/run_claude_chat.sh: line 24: aws: command not found
/Users/anantkan/nextjs-claude-chat-app/run_claude_chat.sh: line 25: aws: command not found
/Users/anantkan/nextjs-claude-chat-app/node_modules/next/dist/bin/next:57
performance.mark("next-start");
^

ReferenceError: performance is not defined
    at Object.<anonymous> (/Users/anantkan/nextjs-claude-chat-app/node_modules/next/dist/bin/next:57:1)
    at Module._compile (internal/modules/cjs/loader.js:1114:14)
    at Object.Module._extensions..js (internal/modules/cjs/loader.js:1143:10)
    at Module.load (internal/modules/cjs/loader.js:979:32)
    at Function.Module._load (internal/modules/cjs/loader.js:819:12)
    at Function.executeUserEntryPoint [as runMain] (internal/modules/run_main.js:75:12)
    at internal/main/run_main_module.js:17:47
npm ERR! code ELIFECYCLE
npm ERR! errno 1
npm ERR! nextjs-claude-chat-app@0.1.0 dev: `next dev`
npm ERR! Exit status 1
npm ERR! 
npm ERR! Failed at the nextjs-claude-chat-app@0.1.0 dev script.
npm ERR! This is probably not a problem with npm. There is likely additional logging output above.

npm ERR! A complete log of this run can be found in:
npm ERR!     /Users/anantkan/.npm/_logs/2024-10-08T19_58_21_770Z-debug.log
kill: usage: kill [-s sigspec | -n signum | -sigspec] pid | jobspec ... or kill -l [sigspec]
/Users/anantkan/nextjs-claude-chat-app/run_claude_chat.sh: line 20: ada: command not found
/Users/anantkan/nextjs-claude-chat-app/run_claude_chat.sh: line 24: aws: command not found
/Users/anantkan/nextjs-claude-chat-app/run_claude_chat.sh: line 25: aws: command not found
/Users/anantkan/nextjs-claude-chat-app/node_modules/next/dist/bin/next:57
performance.mark("next-start");
^

ReferenceError: performance is not defined
    at Object.<anonymous> (/Users/anantkan/nextjs-claude-chat-app/node_modules/next/dist/bin/next:57:1)
    at Module._compile (internal/modules/cjs/loader.js:1114:14)
    at Object.Module._extensions..js (internal/modules/cjs/loader.js:1143:10)
    at Module.load (internal/modules/cjs/loader.js:979:32)
    at Function.Module._load (internal/modules/cjs/loader.js:819:12)
    at Function.executeUserEntryPoint [as runMain] (internal/modules/run_main.js:75:12)
    at internal/main/run_main_module.js:17:47
npm ERR! code ELIFECYCLE
npm ERR! errno 1
npm ERR! nextjs-claude-chat-app@0.1.0 dev: `next dev`
npm ERR! Exit status 1
npm ERR! 
npm ERR! Failed at the nextjs-claude-chat-app@0.1.0 dev script.
npm ERR! This is probably not a problem with npm. There is likely additional logging output above.

npm ERR! A complete log of this run can be found in:
npm ERR!     /Users/anantkan/.npm/_logs/2024-10-08T20_28_22_968Z-debug.log
